<?xml version="1.0" encoding="UTF-8"?>
<!-- Generated by org.testng.reporters.JUnitReportReporter -->
<testsuite skipped="0" hostname="LAPTOP-C3KQ2NE3" name="Tests.IconVerifyFeatures" tests="1" failures="0" timestamp="6 Apr 2019 08:18:45 GMT" time="9.958" errors="0">
  <testcase name="testLoginSuccess" time="9.958" classname="Tests.IconVerifyFeatures"/>
</testsuite> <!-- Tests.IconVerifyFeatures -->
