<?xml version="1.0" encoding="UTF-8"?>
<!-- Generated by org.testng.reporters.JUnitReportReporter -->
<testsuite skipped="0" hostname="LAPTOP-C3KQ2NE3" name="Tests.LandingFeature" tests="1" failures="0" timestamp="5 Apr 2019 03:47:54 GMT" time="31.804" errors="0">
  <testcase name="testLogOutSuccess" time="31.804" classname="Tests.LandingFeature"/>
</testsuite> <!-- Tests.LandingFeature -->
