<?xml version="1.0" encoding="UTF-8"?>
<!-- Generated by org.testng.reporters.JUnitReportReporter -->
<testsuite skipped="0" hostname="LAPTOP-C3KQ2NE3" name="Tests.LoginFeature" tests="4" failures="0" timestamp="6 Apr 2019 06:52:08 GMT" time="29.841" errors="0">
  <testcase name="testLoginSuccess" time="11.968" classname="Tests.LoginFeature"/>
  <testcase name="testLoginFailure1" time="7.666" classname="Tests.LoginFeature"/>
  <testcase name="testLoginFailure3" time="4.797" classname="Tests.LoginFeature"/>
  <testcase name="testLoginFailure2" time="5.410" classname="Tests.LoginFeature"/>
</testsuite> <!-- Tests.LoginFeature -->
