<?xml version="1.0" encoding="UTF-8"?>
<!-- Generated by org.testng.reporters.JUnitReportReporter -->
<testsuite skipped="0" hostname="LAPTOP-C3KQ2NE3" name="Tests.ChangePasswordFeatures" tests="1" failures="0" timestamp="5 Apr 2019 05:36:27 GMT" time="54.800" errors="0">
  <testcase name="testChangePasswordSuccess" time="54.800" classname="Tests.ChangePasswordFeatures"/>
</testsuite> <!-- Tests.ChangePasswordFeatures -->
