<?xml version="1.0" encoding="UTF-8"?>
<!-- Generated by org.testng.reporters.JUnitReportReporter -->
<testsuite skipped="0" hostname="LAPTOP-C3KQ2NE3" name="Tests.HomeFeatures" tests="1" failures="0" timestamp="5 Apr 2019 07:31:36 GMT" time="23.494" errors="0">
  <testcase name="testPlusSuccess" time="23.494" classname="Tests.HomeFeatures"/>
</testsuite> <!-- Tests.HomeFeatures -->
